<?xml version="1.0" encoding="UTF-8"?>
<testsuite xmlns:xsi="http://www.w3.org/2001/XMLSchema-instance" xsi:noNamespaceSchemaLocation="https://maven.apache.org/surefire/maven-surefire-plugin/xsd/surefire-test-report.xsd" name="game_app.VehiclesTest" time="0.006" tests="2" errors="0" skipped="0" failures="0">
  <properties>
[...]
</properties>
  <testcase name="testact" classname="game_app.VehiclesTest" time="0.002"/>
  <testcase name="testObstacle" classname="game_app.VehiclesTest" time="0.003"/>
</testsuite>